SF:lib/core/errors/exceptions.dart
DA:8,0
DA:19,1
LF:2
LH:1
end_of_record
SF:lib/core/models/api_result.dart
DA:12,2
DA:13,2
DA:16,0
DA:17,2
DA:18,0
DA:19,2
LF:6
LH:4
end_of_record
SF:lib/features/map/data/models/enums/map_api_response_status.dart
DA:21,0
DA:22,0
DA:23,0
DA:25,0
LF:4
LH:0
end_of_record
SF:lib/features/map/data/repositories/map_repository_impl.dart
DA:19,1
DA:27,0
DA:30,0
DA:31,0
DA:32,0
DA:33,0
DA:37,1
DA:42,2
DA:43,0
DA:44,1
DA:45,1
DA:46,1
DA:47,1
DA:48,1
DA:49,1
DA:55,0
DA:58,0
DA:59,0
DA:60,0
DA:61,0
DA:65,1
DA:68,2
DA:69,2
DA:73,1
DA:74,0
DA:75,0
DA:76,0
DA:77,0
DA:78,0
DA:79,0
DA:85,0
DA:88,0
DA:90,0
DA:92,0
DA:94,0
DA:95,0
DA:96,0
DA:97,0
DA:98,0
DA:99,0
DA:100,0
LF:41
LH:13
end_of_record
SF:lib/features/map/data/services/geolocation_service.dart
DA:17,0
DA:19,0
DA:21,0
DA:22,0
DA:23,0
DA:24,0
DA:28,0
DA:31,0
DA:35,0
DA:37,0
DA:38,0
DA:39,0
DA:41,0
DA:43,0
DA:44,0
DA:49,0
DA:51,0
DA:54,0
DA:58,0
DA:59,0
DA:60,0
DA:61,0
DA:64,0
DA:68,0
DA:69,0
DA:70,0
DA:71,0
DA:72,0
LF:28
LH:0
end_of_record
SF:lib/features/map/data/services/map_service.dart
DA:32,0
DA:34,0
DA:37,0
DA:39,0
DA:40,0
DA:45,0
DA:46,0
DA:49,0
DA:50,0
DA:51,0
DA:53,0
DA:57,0
DA:58,0
DA:59,0
DA:60,0
DA:61,0
DA:67,0
DA:69,0
DA:72,0
DA:78,0
DA:80,0
DA:86,0
DA:87,0
DA:90,0
DA:91,0
DA:92,0
DA:94,0
DA:98,0
DA:99,0
DA:100,0
DA:101,0
DA:102,0
DA:108,0
DA:114,0
DA:116,0
DA:122,0
DA:123,0
DA:126,0
DA:127,0
DA:128,0
DA:130,0
DA:134,0
DA:135,0
DA:136,0
DA:137,0
DA:138,0
LF:46
LH:0
end_of_record
SF:lib/features/map/data/services/map_session_service.dart
DA:17,0
DA:21,0
DA:23,0
DA:24,0
DA:27,0
DA:28,0
DA:29,0
DA:31,0
DA:33,0
DA:42,0
DA:44,0
DA:47,0
DA:48,0
DA:49,0
DA:52,0
DA:53,0
DA:55,0
LF:17
LH:0
end_of_record
SF:lib/features/map/domain/entities/coordinates.dart
DA:14,0
DA:15,0
LF:2
LH:0
end_of_record
SF:lib/features/map/domain/entities/generated/coordinates.g.dart
DA:9,0
DA:10,0
DA:11,0
DA:12,0
DA:13,0
DA:16,0
DA:17,0
DA:18,0
DA:19,0
DA:20,0
LF:10
LH:0
end_of_record
SF:lib/features/map/domain/entities/geocoding_result.dart
DA:15,0
DA:16,0
LF:2
LH:0
end_of_record
SF:lib/features/map/domain/entities/generated/geocoding_result.g.dart
DA:9,0
DA:11,0
DA:12,0
DA:13,0
DA:14,0
DA:15,0
DA:18,0
DA:20,0
DA:21,0
DA:22,0
DA:23,0
LF:11
LH:0
end_of_record
SF:lib/features/map/domain/entities/geolocation_geometry.dart
DA:13,0
DA:14,0
LF:2
LH:0
end_of_record
SF:lib/features/map/domain/entities/generated/geolocation_geometry.g.dart
DA:9,0
DA:11,0
DA:12,0
DA:15,0
DA:17,0
DA:18,0
LF:6
LH:0
end_of_record
SF:lib/features/map/domain/entities/place.dart
DA:14,0
LF:1
LH:0
end_of_record
SF:lib/features/map/domain/entities/generated/place.g.dart
DA:9,0
DA:10,0
DA:11,0
DA:12,0
DA:15,0
DA:16,0
DA:17,0
DA:18,0
LF:8
LH:0
end_of_record
SF:lib/features/map/domain/entities/place_prediction.dart
DA:13,0
DA:14,0
LF:2
LH:0
end_of_record
SF:lib/features/map/domain/entities/generated/place_prediction.g.dart
DA:9,0
DA:11,0
DA:12,0
DA:13,0
DA:16,0
DA:18,0
DA:19,0
DA:20,0
LF:8
LH:0
end_of_record
SF:lib/core/network/dio_client.dart
DA:9,0
DA:12,0
DA:13,0
DA:15,0
DA:16,0
DA:17,0
DA:19,0
DA:20,0
DA:21,0
DA:25,0
DA:33,0
DA:41,0
DA:47,0
DA:56,0
DA:70,0
DA:80,0
DA:96,0
DA:104,0
DA:111,0
LF:19
LH:0
end_of_record
SF:lib/core/network/interceptors/api_key_interceptor.dart
DA:7,0
DA:16,0
DA:20,0
DA:22,0
DA:23,0
LF:5
LH:0
end_of_record
SF:lib/core/network/interceptors/logger_interceptor.dart
DA:6,0
DA:11,0
DA:12,0
DA:13,0
DA:14,0
DA:15,0
DA:16,0
DA:17,0
DA:20,0
DA:25,0
DA:26,0
DA:27,0
DA:30,0
DA:35,0
DA:36,0
DA:37,0
DA:38,0
DA:39,0
LF:18
LH:0
end_of_record
SF:lib/core/utils/extensions.dart
DA:4,0
DA:6,0
DA:8,0
DA:10,0
DA:12,0
DA:14,0
DA:16,0
DA:20,0
DA:21,0
LF:9
LH:0
end_of_record
SF:lib/core/utils/logger.dart
DA:3,0
DA:4,0
DA:5,0
DA:6,0
LF:4
LH:0
end_of_record
SF:lib/features/map/data/models/autocomplete_response.dart
DA:15,0
DA:16,0
LF:2
LH:0
end_of_record
SF:lib/features/map/data/models/generated/autocomplete_response.g.dart
DA:9,0
DA:11,0
DA:12,0
DA:13,0
DA:14,0
DA:15,0
DA:18,0
DA:20,0
DA:21,0
DA:22,0
LF:10
LH:0
end_of_record
SF:lib/features/map/data/models/geocoding_response.dart
DA:15,0
DA:16,0
LF:2
LH:0
end_of_record
SF:lib/features/map/data/models/generated/geocoding_response.g.dart
DA:9,0
DA:11,0
DA:12,0
DA:13,0
DA:14,0
DA:15,0
DA:18,0
DA:20,0
DA:21,0
DA:22,0
LF:10
LH:0
end_of_record
SF:lib/features/map/data/models/place_response.dart
DA:15,0
DA:16,0
LF:2
LH:0
end_of_record
SF:lib/features/map/data/models/generated/place_response.g.dart
DA:9,0
DA:10,0
DA:11,0
DA:12,0
DA:15,0
DA:16,0
DA:17,0
DA:18,0
LF:8
LH:0
end_of_record
